g:\important\学习\大一末 小学期\c++ design\neu-mathe-local\neu-mathe-local\x64\debug\vc142.pdb
g:\important\学习\大一末 小学期\c++ design\neu-mathe-local\neu-mathe-local\x64\debug\vc142.idb
g:\important\学习\大一末 小学期\c++ design\neu-mathe-local\neu-mathe-local\x64\debug\acllib.obj
g:\important\学习\大一末 小学期\c++ design\neu-mathe-local\neu-mathe-local\x64\debug\formwelcome.obj
g:\important\学习\大一末 小学期\c++ design\neu-mathe-local\neu-mathe-local\x64\debug\vector.obj
g:\important\学习\大一末 小学期\c++ design\neu-mathe-local\neu-mathe-local\x64\debug\formselector.obj
g:\important\学习\大一末 小学期\c++ design\neu-mathe-local\neu-mathe-local\x64\debug\formmain.obj
g:\important\学习\大一末 小学期\c++ design\neu-mathe-local\neu-mathe-local\x64\debug\list.obj
g:\important\学习\大一末 小学期\c++ design\neu-mathe-local\neu-mathe-local\x64\debug\iocservice.obj
g:\important\学习\大一末 小学期\c++ design\neu-mathe-local\neu-mathe-local\x64\debug\hashmap.obj
g:\important\学习\大一末 小学期\c++ design\neu-mathe-local\neu-mathe-local\x64\debug\formbase.obj
g:\important\学习\大一末 小学期\c++ design\neu-mathe-local\neu-mathe-local\x64\debug\displaymanager.obj
g:\important\学习\大一末 小学期\c++ design\neu-mathe-local\neu-mathe-local\x64\debug\datawrapper.obj
g:\important\学习\大一末 小学期\c++ design\neu-mathe-local\x64\debug\neu-mathe-local.pdb
g:\important\学习\大一末 小学期\c++ design\neu-mathe-local\neu-mathe-local\x64\debug\neu-mathe-local.tlog\cl.command.1.tlog
g:\important\学习\大一末 小学期\c++ design\neu-mathe-local\neu-mathe-local\x64\debug\neu-mathe-local.tlog\cl.read.1.tlog
g:\important\学习\大一末 小学期\c++ design\neu-mathe-local\neu-mathe-local\x64\debug\neu-mathe-local.tlog\cl.write.1.tlog
g:\important\学习\大一末 小学期\c++ design\neu-mathe-local\neu-mathe-local\x64\debug\neu-mathe-local.tlog\link-cvtres.read.1.tlog
g:\important\学习\大一末 小学期\c++ design\neu-mathe-local\neu-mathe-local\x64\debug\neu-mathe-local.tlog\link-cvtres.write.1.tlog
g:\important\学习\大一末 小学期\c++ design\neu-mathe-local\neu-mathe-local\x64\debug\neu-mathe-local.tlog\link-rc.read.1.tlog
g:\important\学习\大一末 小学期\c++ design\neu-mathe-local\neu-mathe-local\x64\debug\neu-mathe-local.tlog\link-rc.write.1.tlog
g:\important\学习\大一末 小学期\c++ design\neu-mathe-local\neu-mathe-local\x64\debug\neu-mathe-local.tlog\link.command.1.tlog
g:\important\学习\大一末 小学期\c++ design\neu-mathe-local\neu-mathe-local\x64\debug\neu-mathe-local.tlog\link.read.1.tlog
g:\important\学习\大一末 小学期\c++ design\neu-mathe-local\neu-mathe-local\x64\debug\neu-mathe-local.tlog\link.write.1.tlog
